<?xml version="1.0" encoding="UTF-8"?>
<!-- Generated by org.testng.reporters.JUnitXMLReporter -->
<testsuite ignored="0" hostname="DESKTOP-K82IFAH" failures="0" tests="2" name="Default test" time="3.312" errors="0" timestamp="2024-07-31T11:33:23 IST">
  <testcase classname="com.ninza.hrm.apiUsingUtilities.projecttest.copy.EmpolyeeeTest" name="addEmpolyeeTest" time="2.984"/>
  <testcase classname="com.ninza.hrm.apiUsingUtilities.projecttest.copy.EmpolyeeeTest" name="addEmpolyeewithoutEmailTest" time="0.285"/>
</testsuite> <!-- Default test -->
