<?xml version="1.0" encoding="UTF-8"?>
<!-- Generated by org.testng.reporters.JUnitXMLReporter -->
<testsuite ignored="2" hostname="DESKTOP-K82IFAH" failures="0" tests="4" name="Test" time="5.436" errors="0" timestamp="2024-07-31T12:04:07 IST">
  <testcase classname="com.ninza.hrm.api.UsingUtilitiesempolyeetest.ProjectTest" name="addSingleProjectWithCreateTest" time="3.876"/>
  <testcase classname="com.ninza.hrm.api.UsingUtilitiesempolyeetest.ProjectTest" name="CreateDuplicateProjectTest" time="0.069"/>
  <testcase classname="com.ninza.hrm.apiUsingUtilities.projecttest.copy.EmpolyeeeTest" name="addEmpolyeeTest" time="1.218"/>
  <testcase classname="com.ninza.hrm.apiUsingUtilities.projecttest.copy.EmpolyeeeTest" name="addEmpolyeewithoutEmailTest" time="0.22"/>
  <testcase classname="com.ninza.hrm.baseclass.BaseAPIclass" name="@AfterSuite configAS" time="0.0">
    <ignored/>
  </testcase> <!-- @AfterSuite configAS -->
  <testcase classname="com.ninza.hrm.baseclass.BaseAPIclass" name="@BeforeSuite configBS" time="0.0">
    <ignored/>
  </testcase> <!-- @BeforeSuite configBS -->
</testsuite> <!-- Test -->
